<?xml version="1.0" encoding="UTF-8"?>
<!-- Generated by org.testng.reporters.JUnitReportReporter -->
<testsuite hostname="5CG14493XS" failures="0" tests="1" name="com.selenium.test1" time="4.637" errors="0" timestamp="2023-04-26T17:04:53 IST" skipped="0">
  <testcase classname="com.selenium.test1" name="webdriverLaunch" time="4.637"/>
  <system-out/>
</testsuite> <!-- com.selenium.test1 -->
